<?xml version="1.0" encoding="UTF-8"?>
<!-- Generated by org.testng.reporters.JUnitReportReporter -->
<testsuite skipped="0" hostname="LAPTOP-9GLANP83" name="testcases.TC001_LoginAndLogout" tests="2" failures="0" timestamp="03 Jun 2018 05:08:08 GMT" time="15.928" errors="2">
  <testcase name="loginAndLogout" time="9.565" classname="testcases.TC001_LoginAndLogout">
    <error type="java.lang.Error" message="Unresolved compilation problems: 
	Syntax error, insert &quot;)&quot; to complete NormalAnnotation
	Syntax error, insert &quot;enum Identifier&quot; to complete EnumHeaderName
	Syntax error, insert &quot;EnumBody&quot; to complete EnumDeclaration
	Syntax error, insert &quot;}&quot; to complete ClassBody
">
      <![CDATA[java.lang.Error: Unresolved compilation problems: 
Syntax error, insert ")" to complete NormalAnnotation
Syntax error, insert "enum Identifier" to complete EnumHeaderName
Syntax error, insert "EnumBody" to complete EnumDeclaration
Syntax error, insert "}" to complete ClassBody

at pages.HomePage.<init>(HomePage.java:34)
at pages.LoginPage.clickLogIn(LoginPage.java:42)
at testcases.TC001_LoginAndLogout.loginAndLogout(TC001_LoginAndLogout.java:26)
at sun.reflect.NativeMethodAccessorImpl.invoke0(Native Method)
at sun.reflect.NativeMethodAccessorImpl.invoke(NativeMethodAccessorImpl.java:62)
at sun.reflect.DelegatingMethodAccessorImpl.invoke(DelegatingMethodAccessorImpl.java:43)
at java.lang.reflect.Method.invoke(Method.java:483)
at org.testng.internal.MethodInvocationHelper.invokeMethod(MethodInvocationHelper.java:124)
at org.testng.internal.Invoker.invokeMethod(Invoker.java:583)
at org.testng.internal.Invoker.invokeTestMethod(Invoker.java:719)
at org.testng.internal.Invoker.invokeTestMethods(Invoker.java:989)
at org.testng.internal.TestMethodWorker.invokeTestMethods(TestMethodWorker.java:125)
at org.testng.internal.TestMethodWorker.run(TestMethodWorker.java:109)
at org.testng.TestRunner.privateRun(TestRunner.java:648)
at org.testng.TestRunner.run(TestRunner.java:505)
at org.testng.SuiteRunner.runTest(SuiteRunner.java:455)
at org.testng.SuiteRunner.runSequentially(SuiteRunner.java:450)
at org.testng.SuiteRunner.privateRun(SuiteRunner.java:415)
at org.testng.SuiteRunner.run(SuiteRunner.java:364)
at org.testng.SuiteRunnerWorker.runSuite(SuiteRunnerWorker.java:52)
at org.testng.SuiteRunnerWorker.run(SuiteRunnerWorker.java:84)
at org.testng.TestNG.runSuitesSequentially(TestNG.java:1208)
at org.testng.TestNG.runSuitesLocally(TestNG.java:1137)
at org.testng.TestNG.runSuites(TestNG.java:1049)
at org.testng.TestNG.run(TestNG.java:1017)
at org.testng.remote.AbstractRemoteTestNG.run(AbstractRemoteTestNG.java:114)
at org.testng.remote.RemoteTestNG.initAndRun(RemoteTestNG.java:251)
at org.testng.remote.RemoteTestNG.main(RemoteTestNG.java:77)
]]>
    </error>
  </testcase> <!-- loginAndLogout -->
  <testcase name="loginAndLogout" time="6.363" classname="testcases.TC001_LoginAndLogout">
    <error type="java.lang.Error" message="Unresolved compilation problems: 
	Syntax error, insert &quot;)&quot; to complete NormalAnnotation
	Syntax error, insert &quot;enum Identifier&quot; to complete EnumHeaderName
	Syntax error, insert &quot;EnumBody&quot; to complete EnumDeclaration
	Syntax error, insert &quot;}&quot; to complete ClassBody
">
      <![CDATA[java.lang.Error: Unresolved compilation problems: 
Syntax error, insert ")" to complete NormalAnnotation
Syntax error, insert "enum Identifier" to complete EnumHeaderName
Syntax error, insert "EnumBody" to complete EnumDeclaration
Syntax error, insert "}" to complete ClassBody

at pages.HomePage.<init>(HomePage.java:34)
at pages.LoginPage.clickLogIn(LoginPage.java:42)
at testcases.TC001_LoginAndLogout.loginAndLogout(TC001_LoginAndLogout.java:26)
at sun.reflect.NativeMethodAccessorImpl.invoke0(Native Method)
at sun.reflect.NativeMethodAccessorImpl.invoke(NativeMethodAccessorImpl.java:62)
at sun.reflect.DelegatingMethodAccessorImpl.invoke(DelegatingMethodAccessorImpl.java:43)
at java.lang.reflect.Method.invoke(Method.java:483)
at org.testng.internal.MethodInvocationHelper.invokeMethod(MethodInvocationHelper.java:124)
at org.testng.internal.Invoker.invokeMethod(Invoker.java:583)
at org.testng.internal.Invoker.invokeTestMethod(Invoker.java:719)
at org.testng.internal.Invoker.invokeTestMethods(Invoker.java:989)
at org.testng.internal.TestMethodWorker.invokeTestMethods(TestMethodWorker.java:125)
at org.testng.internal.TestMethodWorker.run(TestMethodWorker.java:109)
at org.testng.TestRunner.privateRun(TestRunner.java:648)
at org.testng.TestRunner.run(TestRunner.java:505)
at org.testng.SuiteRunner.runTest(SuiteRunner.java:455)
at org.testng.SuiteRunner.runSequentially(SuiteRunner.java:450)
at org.testng.SuiteRunner.privateRun(SuiteRunner.java:415)
at org.testng.SuiteRunner.run(SuiteRunner.java:364)
at org.testng.SuiteRunnerWorker.runSuite(SuiteRunnerWorker.java:52)
at org.testng.SuiteRunnerWorker.run(SuiteRunnerWorker.java:84)
at org.testng.TestNG.runSuitesSequentially(TestNG.java:1208)
at org.testng.TestNG.runSuitesLocally(TestNG.java:1137)
at org.testng.TestNG.runSuites(TestNG.java:1049)
at org.testng.TestNG.run(TestNG.java:1017)
at org.testng.remote.AbstractRemoteTestNG.run(AbstractRemoteTestNG.java:114)
at org.testng.remote.RemoteTestNG.initAndRun(RemoteTestNG.java:251)
at org.testng.remote.RemoteTestNG.main(RemoteTestNG.java:77)
]]>
    </error>
  </testcase> <!-- loginAndLogout -->
</testsuite> <!-- testcases.TC001_LoginAndLogout -->
